[2025-03-05T00:06:48.088+0000] {local_task_job_runner.py:123} INFO - ::group::Pre task execution logs
[2025-03-05T00:06:48.096+0000] {taskinstance.py:2612} INFO - Dependencies all met for dep_context=non-requeueable deps ti=<TaskInstance: AlphaVantage_Stock_Price_Prediction.predict manual__2025-03-05T00:03:29.367507+00:00 [queued]>
[2025-03-05T00:06:48.100+0000] {taskinstance.py:2612} INFO - Dependencies all met for dep_context=requeueable deps ti=<TaskInstance: AlphaVantage_Stock_Price_Prediction.predict manual__2025-03-05T00:03:29.367507+00:00 [queued]>
[2025-03-05T00:06:48.100+0000] {taskinstance.py:2865} INFO - Starting attempt 1 of 1
[2025-03-05T00:06:48.105+0000] {taskinstance.py:2888} INFO - Executing <Task(_PythonDecoratedOperator): predict> on 2025-03-05 00:03:29.367507+00:00
[2025-03-05T00:06:48.110+0000] {logging_mixin.py:190} WARNING - /home/***/.local/lib/python3.12/site-packages/***/task/task_runner/standard_task_runner.py:70 DeprecationWarning: This process (pid=561) is multi-threaded, use of fork() may lead to deadlocks in the child.
[2025-03-05T00:06:48.110+0000] {standard_task_runner.py:104} INFO - Running: ['***', 'tasks', 'run', 'AlphaVantage_Stock_Price_Prediction', 'predict', 'manual__2025-03-05T00:03:29.367507+00:00', '--job-id', '18', '--raw', '--subdir', 'DAGS_FOLDER/stockpriceprediction.py', '--cfg-path', '/tmp/tmpcneo1ujw']
[2025-03-05T00:06:48.111+0000] {standard_task_runner.py:105} INFO - Job 18: Subtask predict
[2025-03-05T00:06:48.111+0000] {standard_task_runner.py:72} INFO - Started process 564 to run task
[2025-03-05T00:06:48.134+0000] {task_command.py:467} INFO - Running <TaskInstance: AlphaVantage_Stock_Price_Prediction.predict manual__2025-03-05T00:03:29.367507+00:00 [running]> on host c8e2f43182e0
[2025-03-05T00:06:48.184+0000] {taskinstance.py:3131} INFO - Exporting env vars: AIRFLOW_CTX_DAG_OWNER='***' AIRFLOW_CTX_DAG_ID='AlphaVantage_Stock_Price_Prediction' AIRFLOW_CTX_TASK_ID='predict' AIRFLOW_CTX_EXECUTION_DATE='2025-03-05T00:03:29.367507+00:00' AIRFLOW_CTX_TRY_NUMBER='1' AIRFLOW_CTX_DAG_RUN_ID='manual__2025-03-05T00:03:29.367507+00:00'
[2025-03-05T00:06:48.185+0000] {taskinstance.py:731} INFO - ::endgroup::
[2025-03-05T00:07:08.003+0000] {cursor.py:1156} INFO - Number of results in first chunk: 1
[2025-03-05T00:07:08.942+0000] {cursor.py:1156} INFO - Number of results in first chunk: 1
[2025-03-05T00:07:08.943+0000] {python.py:240} INFO - Done. Returned value was: None
[2025-03-05T00:07:08.977+0000] {taskinstance.py:340} INFO - ::group::Post task execution logs
[2025-03-05T00:07:08.978+0000] {taskinstance.py:352} INFO - Marking task as SUCCESS. dag_id=AlphaVantage_Stock_Price_Prediction, task_id=predict, run_id=manual__2025-03-05T00:03:29.367507+00:00, execution_date=20250305T000329, start_date=20250305T000648, end_date=20250305T000708
[2025-03-05T00:07:09.036+0000] {local_task_job_runner.py:266} INFO - Task exited with return code 0
[2025-03-05T00:07:09.052+0000] {taskinstance.py:3900} INFO - 0 downstream tasks scheduled from follow-on schedule check
[2025-03-05T00:07:09.054+0000] {local_task_job_runner.py:245} INFO - ::endgroup::
