[2025-03-05T00:00:19.072+0000] {processor.py:186} INFO - Started process (PID=398) to work on /opt/airflow/dags/stockpriceprediction.py
[2025-03-05T00:00:19.074+0000] {processor.py:914} INFO - Processing file /opt/airflow/dags/stockpriceprediction.py for tasks to queue
[2025-03-05T00:00:19.077+0000] {logging_mixin.py:190} INFO - [2025-03-05T00:00:19.076+0000] {dagbag.py:587} INFO - Filling up the DagBag from /opt/airflow/dags/stockpriceprediction.py
[2025-03-05T00:00:19.118+0000] {logging_mixin.py:190} INFO - [2025-03-05T00:00:19.117+0000] {base.py:84} INFO - Retrieving connection 'snowflake_conn'
[2025-03-05T00:00:19.124+0000] {logging_mixin.py:190} INFO - [2025-03-05T00:00:19.124+0000] {connection.py:413} INFO - Snowflake Connector for Python Version: 3.12.1, Python Version: 3.12.5, Platform: Linux-6.12.5-linuxkit-aarch64-with-glibc2.36
[2025-03-05T00:00:19.126+0000] {logging_mixin.py:190} INFO - [2025-03-05T00:00:19.126+0000] {connection.py:1196} INFO - Connecting to GLOBAL Snowflake domain
[2025-03-05T00:00:19.126+0000] {logging_mixin.py:190} INFO - [2025-03-05T00:00:19.126+0000] {connection.py:1277} INFO - This connection is in OCSP Fail Open Mode. TLS Certificates would be checked for validity and revocation status. Any other Certificate Revocation related exceptions or OCSP Responder failures would be disregarded in favor of connectivity.
[2025-03-05T00:00:19.695+0000] {processor.py:925} INFO - DAG(s) 'AlphaVantage_Stock_Price_Prediction' retrieved from /opt/airflow/dags/stockpriceprediction.py
[2025-03-05T00:00:19.783+0000] {logging_mixin.py:190} INFO - [2025-03-05T00:00:19.782+0000] {dag.py:3229} INFO - Sync 1 DAGs
[2025-03-05T00:00:19.795+0000] {logging_mixin.py:190} INFO - [2025-03-05T00:00:19.795+0000] {dag.py:4156} INFO - Setting next_dagrun for AlphaVantage_Stock_Price_Prediction to 2025-03-04 00:15:00+00:00, run_after=2025-03-05 00:15:00+00:00
[2025-03-05T00:00:19.806+0000] {processor.py:208} INFO - Processing /opt/airflow/dags/stockpriceprediction.py took 0.748 seconds
[2025-03-05T00:00:50.260+0000] {processor.py:186} INFO - Started process (PID=409) to work on /opt/airflow/dags/stockpriceprediction.py
[2025-03-05T00:00:50.263+0000] {processor.py:914} INFO - Processing file /opt/airflow/dags/stockpriceprediction.py for tasks to queue
[2025-03-05T00:00:50.273+0000] {logging_mixin.py:190} INFO - [2025-03-05T00:00:50.271+0000] {dagbag.py:587} INFO - Filling up the DagBag from /opt/airflow/dags/stockpriceprediction.py
[2025-03-05T00:00:50.317+0000] {logging_mixin.py:190} INFO - [2025-03-05T00:00:50.317+0000] {base.py:84} INFO - Retrieving connection 'snowflake_conn'
[2025-03-05T00:00:50.318+0000] {logging_mixin.py:190} INFO - [2025-03-05T00:00:50.318+0000] {connection.py:413} INFO - Snowflake Connector for Python Version: 3.12.1, Python Version: 3.12.5, Platform: Linux-6.12.5-linuxkit-aarch64-with-glibc2.36
[2025-03-05T00:00:50.319+0000] {logging_mixin.py:190} INFO - [2025-03-05T00:00:50.319+0000] {connection.py:1196} INFO - Connecting to GLOBAL Snowflake domain
[2025-03-05T00:00:50.320+0000] {logging_mixin.py:190} INFO - [2025-03-05T00:00:50.320+0000] {connection.py:1277} INFO - This connection is in OCSP Fail Open Mode. TLS Certificates would be checked for validity and revocation status. Any other Certificate Revocation related exceptions or OCSP Responder failures would be disregarded in favor of connectivity.
[2025-03-05T00:00:50.883+0000] {processor.py:925} INFO - DAG(s) 'AlphaVantage_Stock_Price_Prediction' retrieved from /opt/airflow/dags/stockpriceprediction.py
[2025-03-05T00:00:50.963+0000] {logging_mixin.py:190} INFO - [2025-03-05T00:00:50.963+0000] {dag.py:3229} INFO - Sync 1 DAGs
[2025-03-05T00:00:50.981+0000] {logging_mixin.py:190} INFO - [2025-03-05T00:00:50.981+0000] {dag.py:4156} INFO - Setting next_dagrun for AlphaVantage_Stock_Price_Prediction to 2025-03-04 00:15:00+00:00, run_after=2025-03-05 00:15:00+00:00
[2025-03-05T00:00:50.996+0000] {processor.py:208} INFO - Processing /opt/airflow/dags/stockpriceprediction.py took 0.753 seconds
[2025-03-05T00:01:21.448+0000] {processor.py:186} INFO - Started process (PID=420) to work on /opt/airflow/dags/stockpriceprediction.py
[2025-03-05T00:01:21.454+0000] {processor.py:914} INFO - Processing file /opt/airflow/dags/stockpriceprediction.py for tasks to queue
[2025-03-05T00:01:21.459+0000] {logging_mixin.py:190} INFO - [2025-03-05T00:01:21.458+0000] {dagbag.py:587} INFO - Filling up the DagBag from /opt/airflow/dags/stockpriceprediction.py
[2025-03-05T00:01:21.500+0000] {logging_mixin.py:190} INFO - [2025-03-05T00:01:21.499+0000] {base.py:84} INFO - Retrieving connection 'snowflake_conn'
[2025-03-05T00:01:21.501+0000] {logging_mixin.py:190} INFO - [2025-03-05T00:01:21.501+0000] {connection.py:413} INFO - Snowflake Connector for Python Version: 3.12.1, Python Version: 3.12.5, Platform: Linux-6.12.5-linuxkit-aarch64-with-glibc2.36
[2025-03-05T00:01:21.503+0000] {logging_mixin.py:190} INFO - [2025-03-05T00:01:21.503+0000] {connection.py:1196} INFO - Connecting to GLOBAL Snowflake domain
[2025-03-05T00:01:21.503+0000] {logging_mixin.py:190} INFO - [2025-03-05T00:01:21.503+0000] {connection.py:1277} INFO - This connection is in OCSP Fail Open Mode. TLS Certificates would be checked for validity and revocation status. Any other Certificate Revocation related exceptions or OCSP Responder failures would be disregarded in favor of connectivity.
[2025-03-05T00:01:22.200+0000] {processor.py:925} INFO - DAG(s) 'AlphaVantage_Stock_Price_Prediction' retrieved from /opt/airflow/dags/stockpriceprediction.py
[2025-03-05T00:01:22.307+0000] {logging_mixin.py:190} INFO - [2025-03-05T00:01:22.306+0000] {dag.py:3229} INFO - Sync 1 DAGs
[2025-03-05T00:01:22.321+0000] {logging_mixin.py:190} INFO - [2025-03-05T00:01:22.321+0000] {dag.py:4156} INFO - Setting next_dagrun for AlphaVantage_Stock_Price_Prediction to 2025-03-04 00:15:00+00:00, run_after=2025-03-05 00:15:00+00:00
[2025-03-05T00:01:22.333+0000] {processor.py:208} INFO - Processing /opt/airflow/dags/stockpriceprediction.py took 0.910 seconds
[2025-03-05T00:01:52.759+0000] {processor.py:186} INFO - Started process (PID=431) to work on /opt/airflow/dags/stockpriceprediction.py
[2025-03-05T00:01:52.762+0000] {processor.py:914} INFO - Processing file /opt/airflow/dags/stockpriceprediction.py for tasks to queue
[2025-03-05T00:01:52.770+0000] {logging_mixin.py:190} INFO - [2025-03-05T00:01:52.769+0000] {dagbag.py:587} INFO - Filling up the DagBag from /opt/airflow/dags/stockpriceprediction.py
[2025-03-05T00:01:52.809+0000] {logging_mixin.py:190} INFO - [2025-03-05T00:01:52.809+0000] {base.py:84} INFO - Retrieving connection 'snowflake_conn'
[2025-03-05T00:01:52.811+0000] {logging_mixin.py:190} INFO - [2025-03-05T00:01:52.811+0000] {connection.py:413} INFO - Snowflake Connector for Python Version: 3.12.1, Python Version: 3.12.5, Platform: Linux-6.12.5-linuxkit-aarch64-with-glibc2.36
[2025-03-05T00:01:52.812+0000] {logging_mixin.py:190} INFO - [2025-03-05T00:01:52.812+0000] {connection.py:1196} INFO - Connecting to GLOBAL Snowflake domain
[2025-03-05T00:01:52.813+0000] {logging_mixin.py:190} INFO - [2025-03-05T00:01:52.813+0000] {connection.py:1277} INFO - This connection is in OCSP Fail Open Mode. TLS Certificates would be checked for validity and revocation status. Any other Certificate Revocation related exceptions or OCSP Responder failures would be disregarded in favor of connectivity.
[2025-03-05T00:01:53.328+0000] {processor.py:925} INFO - DAG(s) 'AlphaVantage_Stock_Price_Prediction' retrieved from /opt/airflow/dags/stockpriceprediction.py
[2025-03-05T00:01:53.416+0000] {logging_mixin.py:190} INFO - [2025-03-05T00:01:53.416+0000] {dag.py:3229} INFO - Sync 1 DAGs
[2025-03-05T00:01:53.430+0000] {logging_mixin.py:190} INFO - [2025-03-05T00:01:53.430+0000] {dag.py:4156} INFO - Setting next_dagrun for AlphaVantage_Stock_Price_Prediction to 2025-03-04 00:15:00+00:00, run_after=2025-03-05 00:15:00+00:00
[2025-03-05T00:01:53.445+0000] {processor.py:208} INFO - Processing /opt/airflow/dags/stockpriceprediction.py took 0.702 seconds
[2025-03-05T00:02:23.764+0000] {processor.py:186} INFO - Started process (PID=442) to work on /opt/airflow/dags/stockpriceprediction.py
[2025-03-05T00:02:23.765+0000] {processor.py:914} INFO - Processing file /opt/airflow/dags/stockpriceprediction.py for tasks to queue
[2025-03-05T00:02:23.769+0000] {logging_mixin.py:190} INFO - [2025-03-05T00:02:23.769+0000] {dagbag.py:587} INFO - Filling up the DagBag from /opt/airflow/dags/stockpriceprediction.py
[2025-03-05T00:02:23.808+0000] {logging_mixin.py:190} INFO - [2025-03-05T00:02:23.808+0000] {base.py:84} INFO - Retrieving connection 'snowflake_conn'
[2025-03-05T00:02:23.810+0000] {logging_mixin.py:190} INFO - [2025-03-05T00:02:23.810+0000] {connection.py:413} INFO - Snowflake Connector for Python Version: 3.12.1, Python Version: 3.12.5, Platform: Linux-6.12.5-linuxkit-aarch64-with-glibc2.36
[2025-03-05T00:02:23.811+0000] {logging_mixin.py:190} INFO - [2025-03-05T00:02:23.811+0000] {connection.py:1196} INFO - Connecting to GLOBAL Snowflake domain
[2025-03-05T00:02:23.811+0000] {logging_mixin.py:190} INFO - [2025-03-05T00:02:23.811+0000] {connection.py:1277} INFO - This connection is in OCSP Fail Open Mode. TLS Certificates would be checked for validity and revocation status. Any other Certificate Revocation related exceptions or OCSP Responder failures would be disregarded in favor of connectivity.
[2025-03-05T00:02:24.310+0000] {processor.py:925} INFO - DAG(s) 'AlphaVantage_Stock_Price_Prediction' retrieved from /opt/airflow/dags/stockpriceprediction.py
[2025-03-05T00:02:24.389+0000] {logging_mixin.py:190} INFO - [2025-03-05T00:02:24.389+0000] {dag.py:3229} INFO - Sync 1 DAGs
[2025-03-05T00:02:24.401+0000] {logging_mixin.py:190} INFO - [2025-03-05T00:02:24.401+0000] {dag.py:4156} INFO - Setting next_dagrun for AlphaVantage_Stock_Price_Prediction to 2025-03-04 00:15:00+00:00, run_after=2025-03-05 00:15:00+00:00
[2025-03-05T00:02:24.410+0000] {processor.py:208} INFO - Processing /opt/airflow/dags/stockpriceprediction.py took 0.658 seconds
[2025-03-05T00:02:54.862+0000] {processor.py:186} INFO - Started process (PID=453) to work on /opt/airflow/dags/stockpriceprediction.py
[2025-03-05T00:02:54.863+0000] {processor.py:914} INFO - Processing file /opt/airflow/dags/stockpriceprediction.py for tasks to queue
[2025-03-05T00:02:54.868+0000] {logging_mixin.py:190} INFO - [2025-03-05T00:02:54.867+0000] {dagbag.py:587} INFO - Filling up the DagBag from /opt/airflow/dags/stockpriceprediction.py
[2025-03-05T00:02:54.907+0000] {logging_mixin.py:190} INFO - [2025-03-05T00:02:54.907+0000] {base.py:84} INFO - Retrieving connection 'snowflake_conn'
[2025-03-05T00:02:54.908+0000] {logging_mixin.py:190} INFO - [2025-03-05T00:02:54.908+0000] {connection.py:413} INFO - Snowflake Connector for Python Version: 3.12.1, Python Version: 3.12.5, Platform: Linux-6.12.5-linuxkit-aarch64-with-glibc2.36
[2025-03-05T00:02:54.909+0000] {logging_mixin.py:190} INFO - [2025-03-05T00:02:54.909+0000] {connection.py:1196} INFO - Connecting to GLOBAL Snowflake domain
[2025-03-05T00:02:54.910+0000] {logging_mixin.py:190} INFO - [2025-03-05T00:02:54.910+0000] {connection.py:1277} INFO - This connection is in OCSP Fail Open Mode. TLS Certificates would be checked for validity and revocation status. Any other Certificate Revocation related exceptions or OCSP Responder failures would be disregarded in favor of connectivity.
[2025-03-05T00:02:55.446+0000] {processor.py:925} INFO - DAG(s) 'AlphaVantage_Stock_Price_Prediction' retrieved from /opt/airflow/dags/stockpriceprediction.py
[2025-03-05T00:02:55.534+0000] {logging_mixin.py:190} INFO - [2025-03-05T00:02:55.533+0000] {dag.py:3229} INFO - Sync 1 DAGs
[2025-03-05T00:02:55.549+0000] {logging_mixin.py:190} INFO - [2025-03-05T00:02:55.549+0000] {dag.py:4156} INFO - Setting next_dagrun for AlphaVantage_Stock_Price_Prediction to 2025-03-04 00:15:00+00:00, run_after=2025-03-05 00:15:00+00:00
[2025-03-05T00:02:55.566+0000] {processor.py:208} INFO - Processing /opt/airflow/dags/stockpriceprediction.py took 0.716 seconds
[2025-03-05T00:03:25.954+0000] {processor.py:186} INFO - Started process (PID=464) to work on /opt/airflow/dags/stockpriceprediction.py
[2025-03-05T00:03:25.956+0000] {processor.py:914} INFO - Processing file /opt/airflow/dags/stockpriceprediction.py for tasks to queue
[2025-03-05T00:03:25.962+0000] {logging_mixin.py:190} INFO - [2025-03-05T00:03:25.961+0000] {dagbag.py:587} INFO - Filling up the DagBag from /opt/airflow/dags/stockpriceprediction.py
[2025-03-05T00:03:25.997+0000] {logging_mixin.py:190} INFO - [2025-03-05T00:03:25.997+0000] {base.py:84} INFO - Retrieving connection 'snowflake_conn'
[2025-03-05T00:03:25.999+0000] {logging_mixin.py:190} INFO - [2025-03-05T00:03:25.999+0000] {connection.py:413} INFO - Snowflake Connector for Python Version: 3.12.1, Python Version: 3.12.5, Platform: Linux-6.12.5-linuxkit-aarch64-with-glibc2.36
[2025-03-05T00:03:26.000+0000] {logging_mixin.py:190} INFO - [2025-03-05T00:03:26.000+0000] {connection.py:1196} INFO - Connecting to GLOBAL Snowflake domain
[2025-03-05T00:03:26.000+0000] {logging_mixin.py:190} INFO - [2025-03-05T00:03:26.000+0000] {connection.py:1277} INFO - This connection is in OCSP Fail Open Mode. TLS Certificates would be checked for validity and revocation status. Any other Certificate Revocation related exceptions or OCSP Responder failures would be disregarded in favor of connectivity.
[2025-03-05T00:03:26.534+0000] {processor.py:925} INFO - DAG(s) 'AlphaVantage_Stock_Price_Prediction' retrieved from /opt/airflow/dags/stockpriceprediction.py
[2025-03-05T00:03:26.624+0000] {logging_mixin.py:190} INFO - [2025-03-05T00:03:26.624+0000] {dag.py:3229} INFO - Sync 1 DAGs
[2025-03-05T00:03:26.635+0000] {logging_mixin.py:190} INFO - [2025-03-05T00:03:26.635+0000] {dag.py:4156} INFO - Setting next_dagrun for AlphaVantage_Stock_Price_Prediction to 2025-03-04 00:15:00+00:00, run_after=2025-03-05 00:15:00+00:00
[2025-03-05T00:03:26.650+0000] {processor.py:208} INFO - Processing /opt/airflow/dags/stockpriceprediction.py took 0.715 seconds
[2025-03-05T00:03:57.026+0000] {processor.py:186} INFO - Started process (PID=490) to work on /opt/airflow/dags/stockpriceprediction.py
[2025-03-05T00:03:57.028+0000] {processor.py:914} INFO - Processing file /opt/airflow/dags/stockpriceprediction.py for tasks to queue
[2025-03-05T00:03:57.040+0000] {logging_mixin.py:190} INFO - [2025-03-05T00:03:57.038+0000] {dagbag.py:587} INFO - Filling up the DagBag from /opt/airflow/dags/stockpriceprediction.py
[2025-03-05T00:03:57.095+0000] {logging_mixin.py:190} INFO - [2025-03-05T00:03:57.095+0000] {base.py:84} INFO - Retrieving connection 'snowflake_conn'
[2025-03-05T00:03:57.097+0000] {logging_mixin.py:190} INFO - [2025-03-05T00:03:57.097+0000] {connection.py:413} INFO - Snowflake Connector for Python Version: 3.12.1, Python Version: 3.12.5, Platform: Linux-6.12.5-linuxkit-aarch64-with-glibc2.36
[2025-03-05T00:03:57.098+0000] {logging_mixin.py:190} INFO - [2025-03-05T00:03:57.098+0000] {connection.py:1196} INFO - Connecting to GLOBAL Snowflake domain
[2025-03-05T00:03:57.098+0000] {logging_mixin.py:190} INFO - [2025-03-05T00:03:57.098+0000] {connection.py:1277} INFO - This connection is in OCSP Fail Open Mode. TLS Certificates would be checked for validity and revocation status. Any other Certificate Revocation related exceptions or OCSP Responder failures would be disregarded in favor of connectivity.
[2025-03-05T00:03:57.596+0000] {processor.py:925} INFO - DAG(s) 'AlphaVantage_Stock_Price_Prediction' retrieved from /opt/airflow/dags/stockpriceprediction.py
[2025-03-05T00:03:57.695+0000] {logging_mixin.py:190} INFO - [2025-03-05T00:03:57.695+0000] {dag.py:3229} INFO - Sync 1 DAGs
[2025-03-05T00:03:57.717+0000] {logging_mixin.py:190} INFO - [2025-03-05T00:03:57.717+0000] {dag.py:4156} INFO - Setting next_dagrun for AlphaVantage_Stock_Price_Prediction to 2025-03-04 00:15:00+00:00, run_after=2025-03-05 00:15:00+00:00
[2025-03-05T00:03:57.732+0000] {processor.py:208} INFO - Processing /opt/airflow/dags/stockpriceprediction.py took 0.723 seconds
[2025-03-05T00:04:28.159+0000] {processor.py:186} INFO - Started process (PID=501) to work on /opt/airflow/dags/stockpriceprediction.py
[2025-03-05T00:04:28.161+0000] {processor.py:914} INFO - Processing file /opt/airflow/dags/stockpriceprediction.py for tasks to queue
[2025-03-05T00:04:28.166+0000] {logging_mixin.py:190} INFO - [2025-03-05T00:04:28.165+0000] {dagbag.py:587} INFO - Filling up the DagBag from /opt/airflow/dags/stockpriceprediction.py
[2025-03-05T00:04:28.198+0000] {logging_mixin.py:190} INFO - [2025-03-05T00:04:28.198+0000] {base.py:84} INFO - Retrieving connection 'snowflake_conn'
[2025-03-05T00:04:28.200+0000] {logging_mixin.py:190} INFO - [2025-03-05T00:04:28.199+0000] {connection.py:413} INFO - Snowflake Connector for Python Version: 3.12.1, Python Version: 3.12.5, Platform: Linux-6.12.5-linuxkit-aarch64-with-glibc2.36
[2025-03-05T00:04:28.201+0000] {logging_mixin.py:190} INFO - [2025-03-05T00:04:28.201+0000] {connection.py:1196} INFO - Connecting to GLOBAL Snowflake domain
[2025-03-05T00:04:28.201+0000] {logging_mixin.py:190} INFO - [2025-03-05T00:04:28.201+0000] {connection.py:1277} INFO - This connection is in OCSP Fail Open Mode. TLS Certificates would be checked for validity and revocation status. Any other Certificate Revocation related exceptions or OCSP Responder failures would be disregarded in favor of connectivity.
[2025-03-05T00:04:28.726+0000] {processor.py:925} INFO - DAG(s) 'AlphaVantage_Stock_Price_Prediction' retrieved from /opt/airflow/dags/stockpriceprediction.py
[2025-03-05T00:04:28.824+0000] {logging_mixin.py:190} INFO - [2025-03-05T00:04:28.823+0000] {dag.py:3229} INFO - Sync 1 DAGs
[2025-03-05T00:04:28.840+0000] {logging_mixin.py:190} INFO - [2025-03-05T00:04:28.840+0000] {dag.py:4156} INFO - Setting next_dagrun for AlphaVantage_Stock_Price_Prediction to 2025-03-04 00:15:00+00:00, run_after=2025-03-05 00:15:00+00:00
[2025-03-05T00:04:28.850+0000] {processor.py:208} INFO - Processing /opt/airflow/dags/stockpriceprediction.py took 0.700 seconds
[2025-03-05T00:04:59.242+0000] {processor.py:186} INFO - Started process (PID=512) to work on /opt/airflow/dags/stockpriceprediction.py
[2025-03-05T00:04:59.244+0000] {processor.py:914} INFO - Processing file /opt/airflow/dags/stockpriceprediction.py for tasks to queue
[2025-03-05T00:04:59.250+0000] {logging_mixin.py:190} INFO - [2025-03-05T00:04:59.249+0000] {dagbag.py:587} INFO - Filling up the DagBag from /opt/airflow/dags/stockpriceprediction.py
[2025-03-05T00:04:59.283+0000] {logging_mixin.py:190} INFO - [2025-03-05T00:04:59.283+0000] {base.py:84} INFO - Retrieving connection 'snowflake_conn'
[2025-03-05T00:04:59.284+0000] {logging_mixin.py:190} INFO - [2025-03-05T00:04:59.284+0000] {connection.py:413} INFO - Snowflake Connector for Python Version: 3.12.1, Python Version: 3.12.5, Platform: Linux-6.12.5-linuxkit-aarch64-with-glibc2.36
[2025-03-05T00:04:59.285+0000] {logging_mixin.py:190} INFO - [2025-03-05T00:04:59.285+0000] {connection.py:1196} INFO - Connecting to GLOBAL Snowflake domain
[2025-03-05T00:04:59.286+0000] {logging_mixin.py:190} INFO - [2025-03-05T00:04:59.286+0000] {connection.py:1277} INFO - This connection is in OCSP Fail Open Mode. TLS Certificates would be checked for validity and revocation status. Any other Certificate Revocation related exceptions or OCSP Responder failures would be disregarded in favor of connectivity.
[2025-03-05T00:04:59.769+0000] {processor.py:925} INFO - DAG(s) 'AlphaVantage_Stock_Price_Prediction' retrieved from /opt/airflow/dags/stockpriceprediction.py
[2025-03-05T00:04:59.863+0000] {logging_mixin.py:190} INFO - [2025-03-05T00:04:59.862+0000] {dag.py:3229} INFO - Sync 1 DAGs
[2025-03-05T00:04:59.876+0000] {logging_mixin.py:190} INFO - [2025-03-05T00:04:59.876+0000] {dag.py:4156} INFO - Setting next_dagrun for AlphaVantage_Stock_Price_Prediction to 2025-03-04 00:15:00+00:00, run_after=2025-03-05 00:15:00+00:00
[2025-03-05T00:04:59.886+0000] {processor.py:208} INFO - Processing /opt/airflow/dags/stockpriceprediction.py took 0.658 seconds
[2025-03-05T00:05:30.077+0000] {processor.py:186} INFO - Started process (PID=528) to work on /opt/airflow/dags/stockpriceprediction.py
[2025-03-05T00:05:30.079+0000] {processor.py:914} INFO - Processing file /opt/airflow/dags/stockpriceprediction.py for tasks to queue
[2025-03-05T00:05:30.084+0000] {logging_mixin.py:190} INFO - [2025-03-05T00:05:30.083+0000] {dagbag.py:587} INFO - Filling up the DagBag from /opt/airflow/dags/stockpriceprediction.py
[2025-03-05T00:05:30.114+0000] {logging_mixin.py:190} INFO - [2025-03-05T00:05:30.113+0000] {base.py:84} INFO - Retrieving connection 'snowflake_conn'
[2025-03-05T00:05:30.115+0000] {logging_mixin.py:190} INFO - [2025-03-05T00:05:30.115+0000] {connection.py:413} INFO - Snowflake Connector for Python Version: 3.12.1, Python Version: 3.12.5, Platform: Linux-6.12.5-linuxkit-aarch64-with-glibc2.36
[2025-03-05T00:05:30.116+0000] {logging_mixin.py:190} INFO - [2025-03-05T00:05:30.116+0000] {connection.py:1196} INFO - Connecting to GLOBAL Snowflake domain
[2025-03-05T00:05:30.117+0000] {logging_mixin.py:190} INFO - [2025-03-05T00:05:30.117+0000] {connection.py:1277} INFO - This connection is in OCSP Fail Open Mode. TLS Certificates would be checked for validity and revocation status. Any other Certificate Revocation related exceptions or OCSP Responder failures would be disregarded in favor of connectivity.
[2025-03-05T00:05:30.593+0000] {processor.py:925} INFO - DAG(s) 'AlphaVantage_Stock_Price_Prediction' retrieved from /opt/airflow/dags/stockpriceprediction.py
[2025-03-05T00:05:30.677+0000] {logging_mixin.py:190} INFO - [2025-03-05T00:05:30.677+0000] {dag.py:3229} INFO - Sync 1 DAGs
[2025-03-05T00:05:30.689+0000] {logging_mixin.py:190} INFO - [2025-03-05T00:05:30.689+0000] {dag.py:4156} INFO - Setting next_dagrun for AlphaVantage_Stock_Price_Prediction to 2025-03-04 00:15:00+00:00, run_after=2025-03-05 00:15:00+00:00
[2025-03-05T00:05:30.698+0000] {processor.py:208} INFO - Processing /opt/airflow/dags/stockpriceprediction.py took 0.632 seconds
[2025-03-05T00:06:01.104+0000] {processor.py:186} INFO - Started process (PID=539) to work on /opt/airflow/dags/stockpriceprediction.py
[2025-03-05T00:06:01.105+0000] {processor.py:914} INFO - Processing file /opt/airflow/dags/stockpriceprediction.py for tasks to queue
[2025-03-05T00:06:01.109+0000] {logging_mixin.py:190} INFO - [2025-03-05T00:06:01.109+0000] {dagbag.py:587} INFO - Filling up the DagBag from /opt/airflow/dags/stockpriceprediction.py
[2025-03-05T00:06:01.138+0000] {logging_mixin.py:190} INFO - [2025-03-05T00:06:01.137+0000] {base.py:84} INFO - Retrieving connection 'snowflake_conn'
[2025-03-05T00:06:01.139+0000] {logging_mixin.py:190} INFO - [2025-03-05T00:06:01.139+0000] {connection.py:413} INFO - Snowflake Connector for Python Version: 3.12.1, Python Version: 3.12.5, Platform: Linux-6.12.5-linuxkit-aarch64-with-glibc2.36
[2025-03-05T00:06:01.140+0000] {logging_mixin.py:190} INFO - [2025-03-05T00:06:01.140+0000] {connection.py:1196} INFO - Connecting to GLOBAL Snowflake domain
[2025-03-05T00:06:01.141+0000] {logging_mixin.py:190} INFO - [2025-03-05T00:06:01.141+0000] {connection.py:1277} INFO - This connection is in OCSP Fail Open Mode. TLS Certificates would be checked for validity and revocation status. Any other Certificate Revocation related exceptions or OCSP Responder failures would be disregarded in favor of connectivity.
[2025-03-05T00:06:01.780+0000] {processor.py:925} INFO - DAG(s) 'AlphaVantage_Stock_Price_Prediction' retrieved from /opt/airflow/dags/stockpriceprediction.py
[2025-03-05T00:06:01.875+0000] {logging_mixin.py:190} INFO - [2025-03-05T00:06:01.875+0000] {dag.py:3229} INFO - Sync 1 DAGs
[2025-03-05T00:06:01.888+0000] {logging_mixin.py:190} INFO - [2025-03-05T00:06:01.888+0000] {dag.py:4156} INFO - Setting next_dagrun for AlphaVantage_Stock_Price_Prediction to 2025-03-04 00:15:00+00:00, run_after=2025-03-05 00:15:00+00:00
[2025-03-05T00:06:01.897+0000] {processor.py:208} INFO - Processing /opt/airflow/dags/stockpriceprediction.py took 0.803 seconds
[2025-03-05T00:06:32.301+0000] {processor.py:186} INFO - Started process (PID=550) to work on /opt/airflow/dags/stockpriceprediction.py
[2025-03-05T00:06:32.303+0000] {processor.py:914} INFO - Processing file /opt/airflow/dags/stockpriceprediction.py for tasks to queue
[2025-03-05T00:06:32.307+0000] {logging_mixin.py:190} INFO - [2025-03-05T00:06:32.306+0000] {dagbag.py:587} INFO - Filling up the DagBag from /opt/airflow/dags/stockpriceprediction.py
[2025-03-05T00:06:32.339+0000] {logging_mixin.py:190} INFO - [2025-03-05T00:06:32.339+0000] {base.py:84} INFO - Retrieving connection 'snowflake_conn'
[2025-03-05T00:06:32.340+0000] {logging_mixin.py:190} INFO - [2025-03-05T00:06:32.340+0000] {connection.py:413} INFO - Snowflake Connector for Python Version: 3.12.1, Python Version: 3.12.5, Platform: Linux-6.12.5-linuxkit-aarch64-with-glibc2.36
[2025-03-05T00:06:32.342+0000] {logging_mixin.py:190} INFO - [2025-03-05T00:06:32.341+0000] {connection.py:1196} INFO - Connecting to GLOBAL Snowflake domain
[2025-03-05T00:06:32.342+0000] {logging_mixin.py:190} INFO - [2025-03-05T00:06:32.342+0000] {connection.py:1277} INFO - This connection is in OCSP Fail Open Mode. TLS Certificates would be checked for validity and revocation status. Any other Certificate Revocation related exceptions or OCSP Responder failures would be disregarded in favor of connectivity.
[2025-03-05T00:06:32.898+0000] {processor.py:925} INFO - DAG(s) 'AlphaVantage_Stock_Price_Prediction' retrieved from /opt/airflow/dags/stockpriceprediction.py
[2025-03-05T00:06:32.990+0000] {logging_mixin.py:190} INFO - [2025-03-05T00:06:32.990+0000] {dag.py:3229} INFO - Sync 1 DAGs
[2025-03-05T00:06:33.004+0000] {logging_mixin.py:190} INFO - [2025-03-05T00:06:33.004+0000] {dag.py:4156} INFO - Setting next_dagrun for AlphaVantage_Stock_Price_Prediction to 2025-03-04 00:15:00+00:00, run_after=2025-03-05 00:15:00+00:00
[2025-03-05T00:06:33.015+0000] {processor.py:208} INFO - Processing /opt/airflow/dags/stockpriceprediction.py took 0.730 seconds
[2025-03-05T00:07:03.329+0000] {processor.py:186} INFO - Started process (PID=566) to work on /opt/airflow/dags/stockpriceprediction.py
[2025-03-05T00:07:03.334+0000] {processor.py:914} INFO - Processing file /opt/airflow/dags/stockpriceprediction.py for tasks to queue
[2025-03-05T00:07:03.368+0000] {logging_mixin.py:190} INFO - [2025-03-05T00:07:03.344+0000] {dagbag.py:587} INFO - Filling up the DagBag from /opt/airflow/dags/stockpriceprediction.py
[2025-03-05T00:07:03.448+0000] {logging_mixin.py:190} INFO - [2025-03-05T00:07:03.447+0000] {base.py:84} INFO - Retrieving connection 'snowflake_conn'
[2025-03-05T00:07:03.450+0000] {logging_mixin.py:190} INFO - [2025-03-05T00:07:03.449+0000] {connection.py:413} INFO - Snowflake Connector for Python Version: 3.12.1, Python Version: 3.12.5, Platform: Linux-6.12.5-linuxkit-aarch64-with-glibc2.36
[2025-03-05T00:07:03.451+0000] {logging_mixin.py:190} INFO - [2025-03-05T00:07:03.451+0000] {connection.py:1196} INFO - Connecting to GLOBAL Snowflake domain
[2025-03-05T00:07:03.451+0000] {logging_mixin.py:190} INFO - [2025-03-05T00:07:03.451+0000] {connection.py:1277} INFO - This connection is in OCSP Fail Open Mode. TLS Certificates would be checked for validity and revocation status. Any other Certificate Revocation related exceptions or OCSP Responder failures would be disregarded in favor of connectivity.
[2025-03-05T00:07:04.003+0000] {processor.py:925} INFO - DAG(s) 'AlphaVantage_Stock_Price_Prediction' retrieved from /opt/airflow/dags/stockpriceprediction.py
[2025-03-05T00:07:04.091+0000] {logging_mixin.py:190} INFO - [2025-03-05T00:07:04.090+0000] {dag.py:3229} INFO - Sync 1 DAGs
[2025-03-05T00:07:04.104+0000] {logging_mixin.py:190} INFO - [2025-03-05T00:07:04.104+0000] {dag.py:4156} INFO - Setting next_dagrun for AlphaVantage_Stock_Price_Prediction to 2025-03-04 00:15:00+00:00, run_after=2025-03-05 00:15:00+00:00
[2025-03-05T00:07:04.117+0000] {processor.py:208} INFO - Processing /opt/airflow/dags/stockpriceprediction.py took 0.805 seconds
[2025-03-05T00:07:34.559+0000] {processor.py:186} INFO - Started process (PID=583) to work on /opt/airflow/dags/stockpriceprediction.py
[2025-03-05T00:07:34.562+0000] {processor.py:914} INFO - Processing file /opt/airflow/dags/stockpriceprediction.py for tasks to queue
[2025-03-05T00:07:34.570+0000] {logging_mixin.py:190} INFO - [2025-03-05T00:07:34.570+0000] {dagbag.py:587} INFO - Filling up the DagBag from /opt/airflow/dags/stockpriceprediction.py
[2025-03-05T00:07:34.605+0000] {logging_mixin.py:190} INFO - [2025-03-05T00:07:34.605+0000] {base.py:84} INFO - Retrieving connection 'snowflake_conn'
[2025-03-05T00:07:34.607+0000] {logging_mixin.py:190} INFO - [2025-03-05T00:07:34.607+0000] {connection.py:413} INFO - Snowflake Connector for Python Version: 3.12.1, Python Version: 3.12.5, Platform: Linux-6.12.5-linuxkit-aarch64-with-glibc2.36
[2025-03-05T00:07:34.608+0000] {logging_mixin.py:190} INFO - [2025-03-05T00:07:34.608+0000] {connection.py:1196} INFO - Connecting to GLOBAL Snowflake domain
[2025-03-05T00:07:34.608+0000] {logging_mixin.py:190} INFO - [2025-03-05T00:07:34.608+0000] {connection.py:1277} INFO - This connection is in OCSP Fail Open Mode. TLS Certificates would be checked for validity and revocation status. Any other Certificate Revocation related exceptions or OCSP Responder failures would be disregarded in favor of connectivity.
[2025-03-05T00:07:35.087+0000] {processor.py:925} INFO - DAG(s) 'AlphaVantage_Stock_Price_Prediction' retrieved from /opt/airflow/dags/stockpriceprediction.py
[2025-03-05T00:07:35.179+0000] {logging_mixin.py:190} INFO - [2025-03-05T00:07:35.178+0000] {dag.py:3229} INFO - Sync 1 DAGs
[2025-03-05T00:07:35.192+0000] {logging_mixin.py:190} INFO - [2025-03-05T00:07:35.192+0000] {dag.py:4156} INFO - Setting next_dagrun for AlphaVantage_Stock_Price_Prediction to 2025-03-04 00:15:00+00:00, run_after=2025-03-05 00:15:00+00:00
[2025-03-05T00:07:35.206+0000] {processor.py:208} INFO - Processing /opt/airflow/dags/stockpriceprediction.py took 0.661 seconds
[2025-03-05T00:08:05.646+0000] {processor.py:186} INFO - Started process (PID=594) to work on /opt/airflow/dags/stockpriceprediction.py
[2025-03-05T00:08:05.647+0000] {processor.py:914} INFO - Processing file /opt/airflow/dags/stockpriceprediction.py for tasks to queue
[2025-03-05T00:08:05.656+0000] {logging_mixin.py:190} INFO - [2025-03-05T00:08:05.655+0000] {dagbag.py:587} INFO - Filling up the DagBag from /opt/airflow/dags/stockpriceprediction.py
[2025-03-05T00:08:05.695+0000] {logging_mixin.py:190} INFO - [2025-03-05T00:08:05.695+0000] {base.py:84} INFO - Retrieving connection 'snowflake_conn'
[2025-03-05T00:08:05.696+0000] {logging_mixin.py:190} INFO - [2025-03-05T00:08:05.696+0000] {connection.py:413} INFO - Snowflake Connector for Python Version: 3.12.1, Python Version: 3.12.5, Platform: Linux-6.12.5-linuxkit-aarch64-with-glibc2.36
[2025-03-05T00:08:05.698+0000] {logging_mixin.py:190} INFO - [2025-03-05T00:08:05.697+0000] {connection.py:1196} INFO - Connecting to GLOBAL Snowflake domain
[2025-03-05T00:08:05.698+0000] {logging_mixin.py:190} INFO - [2025-03-05T00:08:05.698+0000] {connection.py:1277} INFO - This connection is in OCSP Fail Open Mode. TLS Certificates would be checked for validity and revocation status. Any other Certificate Revocation related exceptions or OCSP Responder failures would be disregarded in favor of connectivity.
[2025-03-05T00:08:06.318+0000] {processor.py:925} INFO - DAG(s) 'AlphaVantage_Stock_Price_Prediction' retrieved from /opt/airflow/dags/stockpriceprediction.py
[2025-03-05T00:08:06.406+0000] {logging_mixin.py:190} INFO - [2025-03-05T00:08:06.406+0000] {dag.py:3229} INFO - Sync 1 DAGs
[2025-03-05T00:08:06.417+0000] {logging_mixin.py:190} INFO - [2025-03-05T00:08:06.417+0000] {dag.py:4156} INFO - Setting next_dagrun for AlphaVantage_Stock_Price_Prediction to 2025-03-04 00:15:00+00:00, run_after=2025-03-05 00:15:00+00:00
[2025-03-05T00:08:06.425+0000] {processor.py:208} INFO - Processing /opt/airflow/dags/stockpriceprediction.py took 0.790 seconds
[2025-03-05T00:08:36.852+0000] {processor.py:186} INFO - Started process (PID=605) to work on /opt/airflow/dags/stockpriceprediction.py
[2025-03-05T00:08:36.854+0000] {processor.py:914} INFO - Processing file /opt/airflow/dags/stockpriceprediction.py for tasks to queue
[2025-03-05T00:08:36.863+0000] {logging_mixin.py:190} INFO - [2025-03-05T00:08:36.862+0000] {dagbag.py:587} INFO - Filling up the DagBag from /opt/airflow/dags/stockpriceprediction.py
[2025-03-05T00:08:36.917+0000] {logging_mixin.py:190} INFO - [2025-03-05T00:08:36.917+0000] {base.py:84} INFO - Retrieving connection 'snowflake_conn'
[2025-03-05T00:08:36.918+0000] {logging_mixin.py:190} INFO - [2025-03-05T00:08:36.918+0000] {connection.py:413} INFO - Snowflake Connector for Python Version: 3.12.1, Python Version: 3.12.5, Platform: Linux-6.12.5-linuxkit-aarch64-with-glibc2.36
[2025-03-05T00:08:36.920+0000] {logging_mixin.py:190} INFO - [2025-03-05T00:08:36.920+0000] {connection.py:1196} INFO - Connecting to GLOBAL Snowflake domain
[2025-03-05T00:08:36.920+0000] {logging_mixin.py:190} INFO - [2025-03-05T00:08:36.920+0000] {connection.py:1277} INFO - This connection is in OCSP Fail Open Mode. TLS Certificates would be checked for validity and revocation status. Any other Certificate Revocation related exceptions or OCSP Responder failures would be disregarded in favor of connectivity.
[2025-03-05T00:08:37.449+0000] {processor.py:925} INFO - DAG(s) 'AlphaVantage_Stock_Price_Prediction' retrieved from /opt/airflow/dags/stockpriceprediction.py
[2025-03-05T00:08:37.532+0000] {logging_mixin.py:190} INFO - [2025-03-05T00:08:37.531+0000] {dag.py:3229} INFO - Sync 1 DAGs
[2025-03-05T00:08:37.543+0000] {logging_mixin.py:190} INFO - [2025-03-05T00:08:37.543+0000] {dag.py:4156} INFO - Setting next_dagrun for AlphaVantage_Stock_Price_Prediction to 2025-03-04 00:15:00+00:00, run_after=2025-03-05 00:15:00+00:00
[2025-03-05T00:08:37.552+0000] {processor.py:208} INFO - Processing /opt/airflow/dags/stockpriceprediction.py took 0.715 seconds
[2025-03-05T00:09:07.761+0000] {processor.py:186} INFO - Started process (PID=616) to work on /opt/airflow/dags/stockpriceprediction.py
[2025-03-05T00:09:07.762+0000] {processor.py:914} INFO - Processing file /opt/airflow/dags/stockpriceprediction.py for tasks to queue
[2025-03-05T00:09:07.767+0000] {logging_mixin.py:190} INFO - [2025-03-05T00:09:07.767+0000] {dagbag.py:587} INFO - Filling up the DagBag from /opt/airflow/dags/stockpriceprediction.py
[2025-03-05T00:09:07.832+0000] {logging_mixin.py:190} INFO - [2025-03-05T00:09:07.832+0000] {base.py:84} INFO - Retrieving connection 'snowflake_conn'
[2025-03-05T00:09:07.839+0000] {logging_mixin.py:190} INFO - [2025-03-05T00:09:07.838+0000] {connection.py:413} INFO - Snowflake Connector for Python Version: 3.12.1, Python Version: 3.12.5, Platform: Linux-6.12.5-linuxkit-aarch64-with-glibc2.36
[2025-03-05T00:09:07.842+0000] {logging_mixin.py:190} INFO - [2025-03-05T00:09:07.842+0000] {connection.py:1196} INFO - Connecting to GLOBAL Snowflake domain
[2025-03-05T00:09:07.842+0000] {logging_mixin.py:190} INFO - [2025-03-05T00:09:07.842+0000] {connection.py:1277} INFO - This connection is in OCSP Fail Open Mode. TLS Certificates would be checked for validity and revocation status. Any other Certificate Revocation related exceptions or OCSP Responder failures would be disregarded in favor of connectivity.
[2025-03-05T00:09:08.341+0000] {processor.py:925} INFO - DAG(s) 'AlphaVantage_Stock_Price_Prediction' retrieved from /opt/airflow/dags/stockpriceprediction.py
[2025-03-05T00:09:08.362+0000] {logging_mixin.py:190} INFO - [2025-03-05T00:09:08.362+0000] {dag.py:3229} INFO - Sync 1 DAGs
[2025-03-05T00:09:08.382+0000] {logging_mixin.py:190} INFO - [2025-03-05T00:09:08.382+0000] {dag.py:4156} INFO - Setting next_dagrun for AlphaVantage_Stock_Price_Prediction to 2025-03-04 00:15:00+00:00, run_after=2025-03-05 00:15:00+00:00
[2025-03-05T00:09:08.392+0000] {processor.py:208} INFO - Processing /opt/airflow/dags/stockpriceprediction.py took 0.652 seconds
[2025-03-05T00:09:38.761+0000] {processor.py:186} INFO - Started process (PID=627) to work on /opt/airflow/dags/stockpriceprediction.py
[2025-03-05T00:09:38.762+0000] {processor.py:914} INFO - Processing file /opt/airflow/dags/stockpriceprediction.py for tasks to queue
[2025-03-05T00:09:38.768+0000] {logging_mixin.py:190} INFO - [2025-03-05T00:09:38.768+0000] {dagbag.py:587} INFO - Filling up the DagBag from /opt/airflow/dags/stockpriceprediction.py
[2025-03-05T00:09:38.810+0000] {logging_mixin.py:190} INFO - [2025-03-05T00:09:38.810+0000] {base.py:84} INFO - Retrieving connection 'snowflake_conn'
[2025-03-05T00:09:38.812+0000] {logging_mixin.py:190} INFO - [2025-03-05T00:09:38.812+0000] {connection.py:413} INFO - Snowflake Connector for Python Version: 3.12.1, Python Version: 3.12.5, Platform: Linux-6.12.5-linuxkit-aarch64-with-glibc2.36
[2025-03-05T00:09:38.813+0000] {logging_mixin.py:190} INFO - [2025-03-05T00:09:38.813+0000] {connection.py:1196} INFO - Connecting to GLOBAL Snowflake domain
[2025-03-05T00:09:38.813+0000] {logging_mixin.py:190} INFO - [2025-03-05T00:09:38.813+0000] {connection.py:1277} INFO - This connection is in OCSP Fail Open Mode. TLS Certificates would be checked for validity and revocation status. Any other Certificate Revocation related exceptions or OCSP Responder failures would be disregarded in favor of connectivity.
[2025-03-05T00:09:39.326+0000] {processor.py:925} INFO - DAG(s) 'AlphaVantage_Stock_Price_Prediction' retrieved from /opt/airflow/dags/stockpriceprediction.py
[2025-03-05T00:09:39.417+0000] {logging_mixin.py:190} INFO - [2025-03-05T00:09:39.416+0000] {dag.py:3229} INFO - Sync 1 DAGs
[2025-03-05T00:09:39.429+0000] {logging_mixin.py:190} INFO - [2025-03-05T00:09:39.428+0000] {dag.py:4156} INFO - Setting next_dagrun for AlphaVantage_Stock_Price_Prediction to 2025-03-04 00:15:00+00:00, run_after=2025-03-05 00:15:00+00:00
[2025-03-05T00:09:39.437+0000] {processor.py:208} INFO - Processing /opt/airflow/dags/stockpriceprediction.py took 0.688 seconds
